<?xml version="1.0" encoding="UTF-8"?>
<Site BuildName="Win32-MSBuild"
	BuildStamp="20250302-2255-Experimental"
	Name="DESKTOP-M73DDDO"
	Generator="ctest-4.0.0-rc2"
	CompilerName="C:/Program Files/Microsoft Visual Studio/2022/Community/VC/Tools/MSVC/14.36.32532/bin/Hostx64/x64/cl.exe"
	CompilerVersion="19.36.32548.0"
	OSName="Windows"
	Hostname="DESKTOP-M73DDDO"
	OSRelease=" Professional"
	OSVersion=" (Build 26100)"
	OSPlatform="AMD64"
	Is64Bits="1"
	VendorString="GenuineIntel"
	VendorID="Intel Corporation"
	FamilyID="6"
	ModelID="15"
	ModelName=""
	ProcessorCacheSize="-1"
	NumberOfLogicalCPU="16"
	NumberOfPhysicalCPU="10"
	TotalVirtualMemory="36068"
	TotalPhysicalMemory="32612"
	LogicalProcessorsPerPhysical="1"
	ProcessorClockFrequency="2496"
	>
	<Testing>
		<StartDateTime>Mar 03 07:59 대한민국 표준시</StartDateTime>
		<StartTestTime>1740956351</StartTestTime>
		<TestList/>
		<EndDateTime>Mar 03 07:59 대한민국 표준시</EndDateTime>
		<EndTestTime>1740956351</EndTestTime>
		<ElapsedMinutes>0</ElapsedMinutes>
	</Testing>
</Site>
